18:07:01.340 [main] INFO  testCases.TC001_AccountRegisterationTest - **** Strating TC001_AccountRegisterationTest ****
18:07:01.936 [main] INFO  testCases.TC001_AccountRegisterationTest - Clicked on MyAcocont
18:07:02.616 [main] INFO  testCases.TC001_AccountRegisterationTest - Clicked on Register
18:07:02.618 [main] INFO  testCases.TC001_AccountRegisterationTest - Providing customer details...
18:07:04.723 [main] INFO  testCases.TC001_AccountRegisterationTest - Validating expected message..
18:07:07.681 [main] INFO  testCases.TC002_Login_Test - **** Starting TC002_Login_Test ****
18:07:09.880 [main] INFO  testCases.TC002_Login_Test - **** Finished TC002_Login_Test *****
18:46:13.247 [main] DEBUG org.testng.TestNG - suiteXmlPath: "C:\Users\HP Pavilion\Documents\AutomationTesting\SeleniumSDET\OpencartV121\testng.xml"
18:46:16.494 [main] INFO  testCases.TC001_AccountRegisterationTest - **** Strating TC001_AccountRegisterationTest ****
18:46:16.608 [main] INFO  testCases.TC001_AccountRegisterationTest - Clicked on MyAcocont
18:46:17.047 [main] INFO  testCases.TC001_AccountRegisterationTest - Clicked on Register
18:46:17.053 [main] INFO  testCases.TC001_AccountRegisterationTest - Providing customer details...
18:46:18.237 [main] INFO  testCases.TC001_AccountRegisterationTest - Validating expected message..
18:46:20.542 [main] INFO  testCases.TC002_Login_Test - **** Starting TC002_Login_Test ****
18:46:21.819 [main] INFO  testCases.TC002_Login_Test - **** Finished TC002_Login_Test *****
18:57:40.411 [main] DEBUG org.testng.TestNG - suiteXmlPath: "C:\Users\HP Pavilion\Documents\AutomationTesting\SeleniumSDET\OpencartV121\testng.xml"
18:57:43.538 [main] INFO  testCases.TC001_AccountRegisterationTest - **** Strating TC001_AccountRegisterationTest ****
18:57:43.657 [main] INFO  testCases.TC001_AccountRegisterationTest - Clicked on MyAcocont
18:57:44.098 [main] INFO  testCases.TC001_AccountRegisterationTest - Clicked on Register
18:57:44.098 [main] INFO  testCases.TC001_AccountRegisterationTest - Providing customer details...
18:57:45.257 [main] INFO  testCases.TC001_AccountRegisterationTest - Validating expected message..
18:57:47.460 [main] INFO  testCases.TC002_Login_Test - **** Starting TC002_Login_Test ****
18:57:48.779 [main] INFO  testCases.TC002_Login_Test - **** Finished TC002_Login_Test *****
