23:00:36.596 [main] DEBUG org.testng.TestNG - suiteXmlPath: "C:\Users\HP Pavilion\Documents\AutomationTesting\SeleniumSDET\OpencartV121\crossbrowsertesting.xml"
23:00:36.936 [main] INFO  org.testng.internal.Utils - [TestNG] Running:
  C:\Users\HP Pavilion\Documents\AutomationTesting\SeleniumSDET\OpencartV121\crossbrowsertesting.xml

23:00:41.225 [TestNG-tests-1] INFO  testCases.TC001_AccountRegisterationTest - **** Strating TC001_AccountRegisterationTest ****
23:00:41.227 [TestNG-tests-2] INFO  testCases.TC001_AccountRegisterationTest - **** Strating TC001_AccountRegisterationTest ****
23:00:41.457 [TestNG-tests-1] INFO  testCases.TC001_AccountRegisterationTest - Clicked on MyAcocont
23:00:41.557 [TestNG-tests-2] INFO  testCases.TC001_AccountRegisterationTest - Clicked on MyAcocont
23:01:13.234 [main] DEBUG org.testng.TestNG - suiteXmlPath: "C:\Users\HP Pavilion\Documents\AutomationTesting\SeleniumSDET\OpencartV121\testng.xml"
23:01:13.789 [main] INFO  org.testng.internal.Utils - [TestNG] Running:
  C:\Users\HP Pavilion\Documents\AutomationTesting\SeleniumSDET\OpencartV121\testng.xml

23:01:17.987 [main] INFO  testCases.TC001_AccountRegisterationTest - **** Strating TC001_AccountRegisterationTest ****
23:01:18.536 [main] INFO  testCases.TC001_AccountRegisterationTest - Clicked on MyAcocont
23:01:19.126 [main] INFO  testCases.TC001_AccountRegisterationTest - Clicked on Register
23:01:19.130 [main] INFO  testCases.TC001_AccountRegisterationTest - Providing customer details...
23:01:20.789 [main] INFO  testCases.TC001_AccountRegisterationTest - Validating expected message..
23:01:25.386 [main] INFO  testCases.TC002_Login_Test - **** Starting TC002_Login_Test ****
23:01:26.987 [main] INFO  testCases.TC002_Login_Test - **** Finished TC002_Login_Test *****
01:12:11.132 [main] DEBUG org.testng.TestNG - suiteXmlPath: "C:\Users\HP Pavilion\Documents\AutomationTesting\SeleniumSDET\OpencartV121\grid-docker.xml"
01:13:22.351 [main] DEBUG org.testng.TestNG - suiteXmlPath: "C:\Users\HP Pavilion\Documents\AutomationTesting\SeleniumSDET\OpencartV121\grid-docker.xml"
01:13:22.633 [main] INFO  org.testng.internal.Utils - [TestNG] Running:
  C:\Users\HP Pavilion\Documents\AutomationTesting\SeleniumSDET\OpencartV121\grid-docker.xml

01:13:28.284 [main] INFO  testCases.TC001_AccountRegisterationTest - **** Strating TC001_AccountRegisterationTest ****
01:13:28.861 [main] INFO  testCases.TC001_AccountRegisterationTest - Clicked on MyAcocont
01:13:29.495 [main] INFO  testCases.TC001_AccountRegisterationTest - Clicked on Register
01:13:29.498 [main] INFO  testCases.TC001_AccountRegisterationTest - Providing customer details...
01:13:31.226 [main] INFO  testCases.TC001_AccountRegisterationTest - Validating expected message..
01:13:34.226 [main] INFO  testCases.TC002_Login_Test - **** Starting TC002_Login_Test ****
01:13:36.544 [main] INFO  testCases.TC002_Login_Test - **** Finished TC002_Login_Test *****
01:27:25.407 [main] DEBUG org.testng.TestNG - suiteXmlPath: "C:\Users\HP Pavilion\Documents\AutomationTesting\SeleniumSDET\OpencartV121\grid-docker.xml"
01:27:25.944 [main] INFO  org.testng.internal.Utils - [TestNG] Running:
  C:\Users\HP Pavilion\Documents\AutomationTesting\SeleniumSDET\OpencartV121\grid-docker.xml

01:27:30.056 [main] INFO  testCases.TC001_AccountRegisterationTest - **** Strating TC001_AccountRegisterationTest ****
01:27:30.560 [main] INFO  testCases.TC001_AccountRegisterationTest - Clicked on MyAcocont
01:27:31.165 [main] INFO  testCases.TC001_AccountRegisterationTest - Clicked on Register
01:27:31.168 [main] INFO  testCases.TC001_AccountRegisterationTest - Providing customer details...
01:27:33.226 [main] INFO  testCases.TC001_AccountRegisterationTest - Validating expected message..
01:27:36.363 [main] INFO  testCases.TC002_Login_Test - **** Starting TC002_Login_Test ****
01:27:38.778 [main] INFO  testCases.TC002_Login_Test - **** Finished TC002_Login_Test *****
01:27:51.312 [main] DEBUG org.testng.TestNG - suiteXmlPath: "C:\Users\HP Pavilion\Documents\AutomationTesting\SeleniumSDET\OpencartV121\grid-docker.xml"
01:27:51.659 [main] INFO  org.testng.internal.Utils - [TestNG] Running:
  C:\Users\HP Pavilion\Documents\AutomationTesting\SeleniumSDET\OpencartV121\grid-docker.xml

01:27:55.323 [main] INFO  testCases.TC001_AccountRegisterationTest - **** Strating TC001_AccountRegisterationTest ****
01:27:55.855 [main] INFO  testCases.TC001_AccountRegisterationTest - Clicked on MyAcocont
01:27:56.426 [main] INFO  testCases.TC001_AccountRegisterationTest - Clicked on Register
01:27:56.432 [main] INFO  testCases.TC001_AccountRegisterationTest - Providing customer details...
01:27:58.135 [main] INFO  testCases.TC001_AccountRegisterationTest - Validating expected message..
01:28:01.206 [main] INFO  testCases.TC002_Login_Test - **** Starting TC002_Login_Test ****
01:28:03.422 [main] INFO  testCases.TC002_Login_Test - **** Finished TC002_Login_Test *****
18:06:50.794 [main] DEBUG org.testng.TestNG - suiteXmlPath: "C:\Users\HP Pavilion\Documents\AutomationTesting\SeleniumSDET\OpencartV121\testng.xml"
